"C:/Users/veill/Documents/GitHub/Freedom_Life/Content/DefaultData/Geometry/Meshes/CubeMaterial.uasset" 0
"C:/Users/veill/Documents/GitHub/Freedom_Life/Content/DefaultData/Geometry/Meshes/1M_Cube.uasset" 1
"C:/Users/veill/Documents/GitHub/Freedom_Life/Content/DefaultData/Geometry/Meshes/1M_Cube_Chamfer.uasset" 2
"../../../Engine/Content/Animation/DefaultAnimBoneCompressionSettings.uasset" 3
"C:/Users/veill/Documents/GitHub/Freedom_Life/Content/DefaultData/Mannequin/Character/Mesh/UE4_Mannequin_Skeleton.uasset" 4
"C:/Users/veill/Documents/GitHub/Freedom_Life/Content/DefaultData/Mannequin/Animations/ThirdPersonJump_End.uasset" 5
"C:/Users/veill/Documents/GitHub/Freedom_Life/Content/Item/Consommables/Assets/Base.uasset" 6
"C:/Users/veill/Documents/GitHub/Freedom_Life/Content/Item/Consommables/Assets/Croie.uasset" 7
"C:/Users/veill/Documents/GitHub/Freedom_Life/Content/Item/Consommables/Assets/KitDeSoins.uasset" 8
"C:/Users/veill/Documents/GitHub/Freedom_Life/Content/DefaultData/Mannequin/Animations/ThirdPerson_Jump.uasset" 9
"C:/Users/veill/Documents/GitHub/Freedom_Life/Content/DefaultData/Mannequin/Animations/ThirdPersonJump_Loop.uasset" 10
"C:/Users/veill/Documents/GitHub/Freedom_Life/Content/DefaultData/Mannequin/Animations/ThirdPersonJump_Start.uasset" 11
"C:/Users/veill/Documents/GitHub/Freedom_Life/Content/DefaultData/Mannequin/Animations/ThirdPersonIdle.uasset" 12
"C:/Users/veill/Documents/GitHub/Freedom_Life/Content/DefaultData/Mannequin/Animations/ThirdPersonRun.uasset" 13
"C:/Users/veill/Documents/GitHub/Freedom_Life/Content/DefaultData/Mannequin/Animations/ThirdPersonWalk.uasset" 14
"C:/Users/veill/Documents/GitHub/Freedom_Life/Content/DefaultData/Mannequin/Animations/ThirdPerson_IdleRun_2D.uasset" 15
"../../../Engine/Content/EditorBlueprintResources/StandardMacros.uasset" 16
"C:/Users/veill/Documents/GitHub/Freedom_Life/Content/DefaultData/Mannequin/Animations/ThirdPerson_AnimBP.uasset" 17
"C:/Users/veill/Documents/GitHub/Freedom_Life/Content/Item/Data/E_EquipementSlot.uasset" 18
"C:/Users/veill/Documents/GitHub/Freedom_Life/Content/Item/Data/E_ItemType.uasset" 19
"C:/Users/veill/Documents/GitHub/Freedom_Life/Content/Item/Data/S_ItemInfo.uasset" 20
"C:/Users/veill/Documents/GitHub/Freedom_Life/Content/Item/Data/InteractData/BPI_Interact.uasset" 21
"C:/Users/veill/Documents/GitHub/Freedom_Life/Content/Item/Data/InteractData/BP_BaseInteract.uasset" 22
"C:/Users/veill/Documents/GitHub/Freedom_Life/Content/Item/Bp_BaseItem.uasset" 23
"C:/Users/veill/Documents/GitHub/Freedom_Life/Content/Item/Clothes/S_ClothesSocket.uasset" 24
"C:/Users/veill/Documents/GitHub/Freedom_Life/Content/Item/Clothes/Bp_BaseClothes.uasset" 25
"C:/Users/veill/Documents/GitHub/Freedom_Life/Content/Item/Weapon/S_WeaponInfo.uasset" 26
"C:/Users/veill/Documents/GitHub/Freedom_Life/Content/Item/Weapon/BP_BaseWeapon.uasset" 27
"../../../Engine/Content/Functions/Engine_MaterialFunctions02/Utility/BlendAngleCorrectedNormals.uasset" 28
"../../../Engine/Content/Functions/MaterialLayerFunctions/MatLayerBlend_NormalBlend.uasset" 29
"../../../Engine/Content/Functions/MaterialLayerFunctions/MatLayerBlend_Simple.uasset" 30
"C:/Users/veill/Documents/GitHub/Freedom_Life/Content/DefaultData/Mannequin/Character/Materials/MaterialLayers/T_ML_Rubber_Blue_01_D.uasset" 31
"C:/Users/veill/Documents/GitHub/Freedom_Life/Content/DefaultData/Mannequin/Character/Materials/MaterialLayers/T_ML_Rubber_Blue_01_N.uasset" 32
"C:/Users/veill/Documents/GitHub/Freedom_Life/Content/DefaultData/Mannequin/Character/Materials/MaterialLayers/ML_GlossyBlack_Latex_UE4.uasset" 33
"C:/Users/veill/Documents/GitHub/Freedom_Life/Content/DefaultData/Mannequin/Character/Materials/MaterialLayers/ML_Plastic_Shiny_Beige.uasset" 34
"C:/Users/veill/Documents/GitHub/Freedom_Life/Content/DefaultData/Mannequin/Character/Textures/UE4_LOGO_CARD.uasset" 35
"C:/Users/veill/Documents/GitHub/Freedom_Life/Content/DefaultData/Mannequin/Character/Materials/MaterialLayers/ML_Plastic_Shiny_Beige_LOGO.uasset" 36
"C:/Users/veill/Documents/GitHub/Freedom_Life/Content/DefaultData/Mannequin/Character/Materials/MaterialLayers/T_ML_Aluminum01.uasset" 37
"C:/Users/veill/Documents/GitHub/Freedom_Life/Content/DefaultData/Mannequin/Character/Materials/MaterialLayers/T_ML_Aluminum01_N.uasset" 38
"C:/Users/veill/Documents/GitHub/Freedom_Life/Content/DefaultData/Mannequin/Character/Materials/MaterialLayers/ML_SoftMetal_UE4.uasset" 39
"C:/Users/veill/Documents/GitHub/Freedom_Life/Content/DefaultData/Mannequin/Character/Textures/UE4_Mannequin__normals.uasset" 40
"C:/Users/veill/Documents/GitHub/Freedom_Life/Content/DefaultData/Mannequin/Character/Textures/UE4_Mannequin_MAT_MASKA.uasset" 41
"C:/Users/veill/Documents/GitHub/Freedom_Life/Content/DefaultData/Mannequin/Character/Materials/M_UE4Man_Body.uasset" 42
"C:/Users/veill/Documents/GitHub/Freedom_Life/Content/DefaultData/Mannequin/Character/Textures/UE4Man_Logo_N.uasset" 43
"C:/Users/veill/Documents/GitHub/Freedom_Life/Content/DefaultData/Mannequin/Character/Materials/M_UE4Man_ChestLogo.uasset" 44
"C:/Users/veill/Documents/GitHub/Freedom_Life/Content/DefaultData/Mannequin/Character/Mesh/SK_Mannequin_PhysicsAsset.uasset" 45
"C:/Users/veill/Documents/GitHub/Freedom_Life/Content/DefaultData/Mannequin/Character/Mesh/SK_Mannequin.uasset" 46
"C:/Users/veill/Documents/GitHub/Freedom_Life/Content/Player/Inventaire/LivePreview/T_LivePreview.uasset" 47
"C:/Users/veill/Documents/GitHub/Freedom_Life/Content/Player/Inventaire/LivePreview/BP_LivePreview.uasset" 48
"C:/Users/veill/Documents/GitHub/Freedom_Life/Content/Item/Data/BPI_CharaLivePreview.uasset" 49
"C:/Users/veill/Documents/GitHub/Freedom_Life/Content/Item/Data/BPI_Equipement.uasset" 50
"C:/Users/veill/Documents/GitHub/Freedom_Life/Content/Item/Data/InteractData/S_InteractVariables.uasset" 51
"C:/Users/veill/Documents/GitHub/Freedom_Life/Content/Player/Inventaire/LivePreview/M_LivePreview.uasset" 52
"C:/Users/veill/Documents/GitHub/Freedom_Life/Content/Player/Inventaire/UI_EquipementSlot.uasset" 53
"C:/Users/veill/Documents/GitHub/Freedom_Life/Content/Player/Inventaire/UI_Equipement.uasset" 54
"C:/Users/veill/Documents/GitHub/Freedom_Life/Content/Player/Inventaire/UI_InventorySlot.uasset" 55
"C:/Users/veill/Documents/GitHub/Freedom_Life/Content/Player/Inventaire/UI_Inventory.uasset" 56
"C:/Users/veill/Documents/GitHub/Freedom_Life/Content/Player/BluePrint/BP_Player.uasset" 57
"C:/Users/veill/Documents/GitHub/Freedom_Life/Content/Player/Besoins/HUD_besoins.uasset" 58
"C:/Users/veill/Documents/GitHub/Freedom_Life/Content/Player/BluePrint/GM_Player.uasset" 59
"C:/Users/veill/Documents/GitHub/Freedom_Life/Content/Player/Design/Hair_Color.uasset" 60
"C:/Users/veill/Documents/GitHub/Freedom_Life/Content/Player/Design/Material_001.uasset" 61
"C:/Users/veill/Documents/GitHub/Freedom_Life/Content/Player/Design/Material_002.uasset" 62
"C:/Users/veill/Documents/GitHub/Freedom_Life/Content/Player/Design/low_poly_head_with_1_hair_PhysicsAsset.uasset" 63
"C:/Users/veill/Documents/GitHub/Freedom_Life/Content/Player/Design/low_poly_head_with_1_hair_Skeleton.uasset" 64
"C:/Users/veill/Documents/GitHub/Freedom_Life/Content/Player/Design/low_poly_head_with_1_hair.uasset" 65
"C:/Users/veill/Documents/GitHub/Freedom_Life/Content/Player/Design/low_poly_head_with_1_hair_Anim_Action_001.uasset" 66
"C:/Users/veill/Documents/GitHub/Freedom_Life/Content/Player/Design/low_poly_head_with_1_hair_Anim_SkeletAction.uasset" 67
"C:/Users/veill/Documents/GitHub/Freedom_Life/Content/Player/Design/Animations/Previews/Idle.uasset" 68
"C:/Users/veill/Documents/GitHub/Freedom_Life/Content/Player/Design/Animations/Previews/Jump/Falling.uasset" 69
"C:/Users/veill/Documents/GitHub/Freedom_Life/Content/Player/Design/Animations/Previews/Jump/JumpEnd.uasset" 70
"C:/Users/veill/Documents/GitHub/Freedom_Life/Content/Player/Design/Animations/Previews/Jump/Startjump.uasset" 71
"C:/Users/veill/Documents/GitHub/Freedom_Life/Content/Player/Design/Animations/Previews/Walk/Walk_Backward.uasset" 72
"C:/Users/veill/Documents/GitHub/Freedom_Life/Content/Player/Design/Animations/Previews/Walk/Walk_Forward.uasset" 73
"C:/Users/veill/Documents/GitHub/Freedom_Life/Content/Player/Design/Animations/Previews/Walk/Walk_Left.uasset" 74
"C:/Users/veill/Documents/GitHub/Freedom_Life/Content/Player/Design/Animations/Previews/Walk/Walk_Right.uasset" 75
"C:/Users/veill/Documents/GitHub/Freedom_Life/Content/Player/Design/Animations/BluePrint/BPD_SimpleWalk.uasset" 76
"C:/Users/veill/Documents/GitHub/Freedom_Life/Content/Player/Design/Animations/BluePrint/BPA_Player.uasset" 77
"../../../Engine/Content/Animation/DefaultAnimCurveCompressionSettings.uasset" 78
"../../../Engine/Content/Functions/Engine_MaterialFunctions01/Opacity/CameraDepthFade.uasset" 79
"../../../Engine/Content/EngineMaterials/T_Default_Material_Grid_M.uasset" 80
"../../../Engine/Content/EngineMaterials/T_Default_Material_Grid_N.uasset" 81
"../../../Engine/Content/EngineMaterials/WorldGridMaterial.uasset" 82
"../../../Engine/Content/ArtTools/RenderToTexture/Meshes/S_1_Unit_Plane.uasset" 83
"../../../Engine/Content/EngineMaterials/DefaultMaterial.uasset" 84
"../../../Engine/Content/BasicShapes/Cone.uasset" 85
"../../../Engine/Content/BasicShapes/Cube.uasset" 86
"../../../Engine/Content/BasicShapes/Cylinder.uasset" 87
"../../../Engine/Content/BasicShapes/Plane.uasset" 88
"../../../Engine/Content/BasicShapes/Sphere.uasset" 89
"../../../Engine/Content/EditorLandscapeResources/DataLayer.uasset" 90
"../../../Engine/Content/EditorMaterials/MAT_Groups_Toggle.uasset" 91
"../../../Engine/Content/EditorMaterials/MAT_Groups_Visibility.uasset" 92
"../../../Engine/Content/EditorMaterials/PreviewShadowIndicator.uasset" 93
"../../../Engine/Content/EditorMaterials/PreviewShadowIndicatorMaterial.uasset" 94
"../../../Engine/Content/EditorMaterials/MatineeGroups/MAT_ColorTrack.uasset" 95
"../../../Engine/Content/EditorMaterials/MatineeGroups/MAT_Groups_Anim.uasset" 96
"../../../Engine/Content/EditorMaterials/MatineeGroups/MAT_Groups_AudioMaster.uasset" 97
"../../../Engine/Content/EditorMaterials/MatineeGroups/MAT_Groups_Director.uasset" 98
"../../../Engine/Content/EditorMaterials/MatineeGroups/MAT_Groups_Event.uasset" 99
"../../../Engine/Content/EditorMaterials/MatineeGroups/MAT_Groups_Fade.uasset" 100
"../../../Engine/Content/EditorMaterials/MatineeGroups/MAT_Groups_Float.uasset" 101
"../../../Engine/Content/EditorMaterials/MatineeGroups/MAT_Groups_Move.uasset" 102
"../../../Engine/Content/EditorMaterials/MatineeGroups/MAT_Groups_Slomo.uasset" 103
"../../../Engine/Content/EditorMaterials/MatineeGroups/MAT_Groups_Sound.uasset" 104
"../../../Engine/Content/EditorMaterials/MatineeGroups/MAT_Groups_Vector.uasset" 105
"../../../Engine/Content/EditorMaterials/ParticleSystems/PSysThumbnail_NoImage.uasset" 106
"../../../Engine/Content/EditorMaterials/ParticleSystems/PSysThumbnail_OOD.uasset" 107
"../../../Engine/Content/EditorMaterials/Camera/CineMat.uasset" 108
"../../../Engine/Content/EditorMaterials/Camera/MI_CineMat_Rig.uasset" 109
"../../../Engine/Content/EditorMeshes/Camera/SM_CraneRig_Arm.uasset" 110
"../../../Engine/Content/EditorMeshes/Camera/SM_CraneRig_Base.uasset" 111
"../../../Engine/Content/EditorMeshes/Camera/SM_CraneRig_Body.uasset" 112
"../../../Engine/Content/EditorMeshes/Camera/SM_CraneRig_Mount.uasset" 113
"../../../Engine/Content/EditorMeshes/Camera/SM_RailRig_Mount.uasset" 114
"../../../Engine/Content/EditorMeshes/Camera/SM_RailRig_Track.uasset" 115
"../../../Engine/Content/EditorResources/BSPVertex.uasset" 116
"../../../Engine/Content/EditorResources/EmptyActor.uasset" 117
"../../../Engine/Content/EditorResources/S_Actor.uasset" 118
"../../../Engine/Content/EditorResources/S_Note.uasset" 119
"../../../Engine/Content/EditorResources/S_Solver.uasset" 120
"../../../Engine/Content/EditorResources/S_Trigger.uasset" 121
"../../../Engine/Content/EditorResources/SequenceRecorder/Countdown.uasset" 122
"../../../Engine/Content/EditorResources/SequenceRecorder/RecordingIndicator.uasset" 123
"../../../Engine/Content/EditorSounds/Notifications/CompileFailed.uasset" 124
"../../../Engine/Content/EditorSounds/Notifications/CompileFailed_Cue.uasset" 125
"../../../Engine/Content/EditorSounds/Notifications/CompileSuccess.uasset" 126
"../../../Engine/Content/EditorSounds/Notifications/CompileStart_Cue.uasset" 127
"../../../Engine/Content/EditorSounds/Notifications/CompileSuccess_Cue.uasset" 128
"../../../Engine/Content/EngineDamageTypes/DmgTypeBP_Environmental.uasset" 129
"../../../Engine/Content/EngineDebugMaterials/DebugEditorMaterial.uasset" 130
"../../../Engine/Content/EngineDebugMaterials/DebugMeshMaterial.uasset" 131
"../../../Engine/Content/EngineDebugMaterials/M_SimpleUnlitTranslucent.uasset" 132
"../../../Engine/Content/Functions/Engine_MaterialFunctions02/Utility/CameraDirectionVector.uasset" 133
"../../../Engine/Content/EngineDebugMaterials/VolumeToRender.uasset" 134
"../../../Engine/Content/EngineDebugMaterials/M_VolumeRenderSphereTracePP.uasset" 135
"../../../Engine/Content/EngineDebugMaterials/WireframeMaterial.uasset" 136
"../../../Engine/Content/EngineFonts/Faces/DroidSansFallback.uasset" 137
"../../../Engine/Content/EngineFonts/Faces/RobotoBold.uasset" 138
"../../../Engine/Content/EngineFonts/Faces/RobotoBoldItalic.uasset" 139
"../../../Engine/Content/EngineFonts/Faces/RobotoItalic.uasset" 140
"../../../Engine/Content/EngineFonts/Faces/RobotoLight.uasset" 141
"../../../Engine/Content/EngineFonts/Faces/RobotoRegular.uasset" 142
"../../../Engine/Content/EngineFonts/Roboto.uasset" 143
"../../../Engine/Content/EngineMaterials/BaseFlattenDiffuseMap.uasset" 144
"../../../Engine/Content/EngineMaterials/BaseFlattenEmissiveMap.uasset" 145
"../../../Engine/Content/EngineMaterials/BaseFlattenGrayscaleMap.uasset" 146
"../../../Engine/Content/EngineMaterials/BaseFlattenNormalMap.uasset" 147
"../../../Engine/Content/EngineMaterials/BaseFlattenMaterial.uasset" 148
"../../../Engine/Content/EngineMaterials/BlueNoise.uasset" 149
"../../../Engine/Content/EngineMaterials/DefaultBloomKernel.uasset" 150
"../../../Engine/Content/EngineMaterials/DefaultBokeh.uasset" 151
"../../../Engine/Content/EngineMaterials/DefaultDiffuse.uasset" 152
"../../../Engine/Content/EngineMaterials/DefaultDeferredDecalMaterial.uasset" 153
"../../../Engine/Content/EngineMaterials/DefaultLightFunctionMaterial.uasset" 154
"../../../Engine/Content/EngineMaterials/DefaultPhysicalMaterial.uasset" 155
"../../../Engine/Content/Functions/Engine_MaterialFunctions02/Utility/BreakOutFloat2Components.uasset" 156
"../../../Engine/Content/EngineMaterials/DefaultPostProcessMaterial.uasset" 157
"../../../Engine/Content/EngineFonts/RobotoDistanceField.uasset" 158
"../../../Engine/Content/EngineMaterials/DefaultTextMaterialOpaque.uasset" 159
"../../../Engine/Content/EngineMaterials/DefaultWhiteGrid.uasset" 160
"../../../Engine/Content/EngineMaterials/DefaultWhiteGrid_Low.uasset" 161
"../../../Engine/Content/EngineMaterials/EmissiveMeshMaterial.uasset" 162
"../../../Engine/Content/EngineMaterials/GizmoMaterial.uasset" 163
"../../../Engine/Content/EngineMaterials/Good64x64TilingNoiseHighFreq.uasset" 164
"../../../Engine/Content/EngineMaterials/MiniFont.uasset" 165
"../../../Engine/Content/EngineMaterials/InvalidLightmapSettings.uasset" 166
"../../../Engine/Content/EngineMaterials/M_InvalidLightmapSettings.uasset" 167
"../../../Engine/Content/Functions/Engine_MaterialFunctions02/WorldPositionOffset/CameraOffset.uasset" 168
"../../../Engine/Content/EngineMaterials/PhAT_JointLimitMaterial.uasset" 169
"../../../Engine/Content/EngineMaterials/PreintegratedSkinBRDF.uasset" 170
"../../../Engine/Content/EngineMaterials/RemoveSurfaceMaterial.uasset" 171
"../../../Engine/Content/EngineMaterials/WeightMapPlaceholderTexture.uasset" 172
"../../../Engine/Content/EngineResources/WhiteSquareTexture.uasset" 173
"../../../Engine/Content/EngineMaterials/Widget3DPassThrough.uasset" 174
"../../../Engine/Content/EngineMaterials/Widget3DPassThrough_Masked.uasset" 175
"../../../Engine/Content/EngineMaterials/Widget3DPassThrough_Opaque.uasset" 176
"../../../Engine/Content/EngineMaterials/Widget3DPassThrough_Masked_OneSided.uasset" 177
"../../../Engine/Content/EngineMaterials/Widget3DPassThrough_Opaque_OneSided.uasset" 178
"../../../Engine/Content/EngineMaterials/Widget3DPassThrough_Translucent.uasset" 179
"../../../Engine/Content/EngineMaterials/Widget3DPassThrough_Translucent_OneSided.uasset" 180
"../../../Engine/Content/EngineMeshes/Cylinder.uasset" 181
"../../../Engine/Content/EngineMeshes/Sphere.uasset" 182
"../../../Engine/Content/EngineResources/Black.uasset" 183
"../../../Engine/Content/EngineResources/DefaultTexture.uasset" 184
"../../../Engine/Content/EngineResources/DefaultTextureCube.uasset" 185
"../../../Engine/Content/EngineResources/DefaultVolumeTexture2D.uasset" 186
"../../../Engine/Content/EngineResources/DefaultVolumeTexture.uasset" 187
"../../../Engine/Content/EngineResources/GradientTexture0.uasset" 188
"../../../Engine/Content/EngineSounds/Master.uasset" 189
"../../../Engine/Content/Functions/Engine_MaterialFunctions01/Shading/ConvertFromDiffSpec.uasset" 190
"../../../Engine/Content/Functions/Engine_MaterialFunctions01/Shading/PowerToRoughness.uasset" 191
"../../../Engine/Content/Maps/Templates/Thumbnails/Default.uasset" 192
"../../../Engine/Content/Maps/Templates/Thumbnails/TimeOfDay.uasset" 193
"../../../Engine/Content/Maps/Templates/Thumbnails/VR-Basic.uasset" 194
"../../../Engine/Content/MobileResources/T_MobileControls_texture.uasset" 195
"../../../Engine/Content/MobileResources/T_MobileMenu2.uasset" 196
"../../../Engine/Content/MobileResources/HUD/AnalogHat.uasset" 197
"../../../Engine/Content/MobileResources/HUD/VirtualJoystick_Background.uasset" 198
"../../../Engine/Content/MobileResources/HUD/VirtualJoystick_Thumb.uasset" 199
"../../../Engine/Content/MobileResources/HUD/DefaultVirtualJoysticks.uasset" 200
"../../../Engine/Content/MobileResources/HUD/LeftVirtualJoystickOnly.uasset" 201
"../../../Engine/Content/MobileResources/HUD/MobileHUDButton1_off.uasset" 202
"../../../Engine/Content/MobileResources/HUD/MobileHUDButton1_on.uasset" 203
"../../../Engine/Content/MobileResources/HUD/MobileHUDButton2_off.uasset" 204
"../../../Engine/Content/MobileResources/HUD/MobileHUDButton2_on.uasset" 205
"../../../Engine/Content/MobileResources/HUD/MobileHUDButton3.uasset" 206
"../../../Engine/Content/MobileResources/HUD/MobileHUDButtonFire.uasset" 207
"../../../Engine/Content/MobileResources/HUD/MobileHUDDirectionPad.uasset" 208
"../../../Engine/Content/MobileResources/HUD/MobileHUDDirectionPad2.uasset" 209
"../../../Engine/Content/MobileResources/HUD/MobileHUDDirectionPad3.uasset" 210
"../../../Engine/Content/MobileResources/HUD/MobileHUDDirectionStick.uasset" 211
"../../../Engine/Content/MobileResources/HUD/T_Castle_ThumbstickInner.uasset" 212
"../../../Engine/Content/MobileResources/HUD/T_Castle_ThumbstickOutter.uasset" 213
"../../../Engine/Content/Tutorial/ContentIntroCurve.uasset" 214
"../../../Engine/Content/Tutorial/Basics/LevelEditorAttract.uasset" 215
"../../../Engine/Content/Tutorial/Installation/InstallingVisualStudioTutorial.uasset" 216
"../../../Engine/Content/VREditor/LaserPointer/VR_LaserPower_01.uasset" 217
"../../../Engine/Content/VREditor/TransformGizmo/TransformGizmoMaterial.uasset" 218
"../../../Engine/Content/VREditor/TransformGizmo/TranslucentTransformGizmoMaterial.uasset" 219
"../../../Engine/Content/VREditor/TransformGizmo/BoundingBoxCorner.uasset" 220
"../../../Engine/Content/VREditor/TransformGizmo/BoundingBoxEdge.uasset" 221
"../../../Engine/Content/VREditor/TransformGizmo/PlaneTranslationHandle.uasset" 222
"../../../Engine/Content/VREditor/TransformGizmo/Main.uasset" 223
"../../../Engine/Content/VREditor/TransformGizmo/Xray.uasset" 224
"../../../Engine/Content/VREditor/TransformGizmo/SM_Sequencer_Key.uasset" 225
"../../../Engine/Content/VREditor/TransformGizmo/SM_Sequencer_Node.uasset" 226
"../../Plugins/2D/Paper2D/Content/PlaceholderTextures/DummySpriteTexture.uasset" 227
"../../Plugins/2D/Paper2D/Content/DummySprite.uasset" 228
"../../Plugins/2D/Paper2D/Content/DefaultPaperTerrainMaterial.uasset" 229
"../../Plugins/2D/Paper2D/Content/DefaultSpriteMaterial.uasset" 230
"../../Plugins/2D/Paper2D/Content/MaskedUnlitSpriteMaterial.uasset" 231
"../../Plugins/2D/Paper2D/Content/OpaqueUnlitSpriteMaterial.uasset" 232
"../../Plugins/FX/Niagara/Content/Enums/ENiagaraBooleanLogicOps.uasset" 233
"../../Plugins/FX/Niagara/Content/Enums/ENiagaraCoordinateSpace.uasset" 234
"../../Plugins/FX/Niagara/Content/Enums/ENiagaraExpansionMode.uasset" 235
"../../Plugins/FX/Niagara/Content/Enums/ENiagaraOrientationAxis.uasset" 236
"../../Plugins/FX/Niagara/Content/Enums/ENiagaraRandomnessMode.uasset" 237
"../../../Engine/Content/Functions/Engine_MaterialFunctions02/Utility/BreakOutFloat4Components.uasset" 238
"../../../Engine/Content/Functions/Engine_MaterialFunctions02/Utility/MakeFloat2.uasset" 239
"../../../Engine/Content/Functions/Engine_MaterialFunctions02/Utility/MakeFloat3.uasset" 240
"../../Plugins/Runtime/Oculus/OculusVR/Content/Materials/OculusMR_ChromaKey.uasset" 241
"../../Plugins/Runtime/Oculus/OculusVR/Content/Materials/OculusMR_ChromaKey_Lit.uasset" 242
"../../Plugins/Runtime/Oculus/OculusVR/Content/Materials/OculusMR_OpaqueColoredMaterial.uasset" 243
"../../Plugins/Runtime/Oculus/OculusVR/Content/Materials/OculusMR_WhiteMaterial.uasset" 244
"../../../Engine/Content/EngineSky/C_Sky_Cloud_Color.uasset" 245
"../../../Engine/Content/EngineSky/C_Sky_Horizon_Color.uasset" 246
"../../../Engine/Content/EngineSky/C_Sky_Zenith_Color.uasset" 247
"../../../Engine/Content/EngineSky/T_Sky_Blue.uasset" 248
"../../../Engine/Content/EngineSky/T_Sky_Clouds_M.uasset" 249
"../../../Engine/Content/EngineSky/T_Sky_Stars.uasset" 250
"../../../Engine/Content/EngineSky/M_Sky_Panning_Clouds2.uasset" 251
"../../../Engine/Content/EngineSky/SM_SkySphere.uasset" 252
"../../../Engine/Content/EngineSky/BP_Sky_Sphere.uasset" 253
"C:/Users/veill/Documents/GitHub/Freedom_Life/Content/Item/Weapon/Assets/Bord.uasset" 254
"C:/Users/veill/Documents/GitHub/Freedom_Life/Content/Item/Weapon/Assets/Lame.uasset" 255
"C:/Users/veill/Documents/GitHub/Freedom_Life/Content/Item/Weapon/Assets/Manche.uasset" 256
"C:/Users/veill/Documents/GitHub/Freedom_Life/Content/Item/Weapon/Assets/Epee.uasset" 257
"C:/Users/veill/Documents/GitHub/Freedom_Life/Content/Item/Weapon/BP_Sword.uasset" 258
"C:/Users/veill/Documents/GitHub/Freedom_Life/Content/Maps/FirstOpus_BuiltData.uasset" 259
"C:/Users/veill/Documents/GitHub/Freedom_Life/Content/Item/Data/InteractData/M_Outline.uasset" 260
"C:/Users/veill/Documents/GitHub/Freedom_Life/Content/DefaultData/Geometry/Meshes/TemplateFloor.uasset" 261
"C:/Users/veill/Documents/GitHub/Freedom_Life/Content/DefaultData/ThirdPerson/Meshes/RampMaterial.uasset" 262
"C:/Users/veill/Documents/GitHub/Freedom_Life/Content/DefaultData/ThirdPerson/Meshes/Bump_StaticMesh.uasset" 263
"C:/Users/veill/Documents/GitHub/Freedom_Life/Content/DefaultData/ThirdPerson/Meshes/LeftArm_StaticMesh.uasset" 264
"C:/Users/veill/Documents/GitHub/Freedom_Life/Content/DefaultData/ThirdPerson/Meshes/Linear_Stair_StaticMesh.uasset" 265
"C:/Users/veill/Documents/GitHub/Freedom_Life/Content/DefaultData/ThirdPerson/Meshes/Ramp_StaticMesh.uasset" 266
"C:/Users/veill/Documents/GitHub/Freedom_Life/Content/DefaultData/ThirdPerson/Meshes/RightArm_StaticMesh.uasset" 267
"C:/Users/veill/Documents/GitHub/Freedom_Life/Content/Maps/FirstOpus.umap" 268
"C:/Users/veill/Documents/GitHub/Freedom_Life/Content/Maps/Menu/HUD/recources/F_L_S_Logo.uasset" 269
"C:/Users/veill/Documents/GitHub/Freedom_Life/Content/Maps/Menu/HUD/UI_Bonus.uasset" 270
"C:/Users/veill/Documents/GitHub/Freedom_Life/Content/Maps/Menu/HUD/UI_Duel.uasset" 271
"C:/Users/veill/Documents/GitHub/Freedom_Life/Content/Maps/Menu/HUD/UI_Play.uasset" 272
"C:/Users/veill/Documents/GitHub/Freedom_Life/Content/Maps/Menu/HUD/UI_BaseMenu.uasset" 273
"C:/Users/veill/Documents/GitHub/Freedom_Life/Content/Maps/Menu/Menu.umap" 274
"../../../Engine/Content/Maps/Entry_BuiltData.uasset" 275
"../../../Engine/Content/Maps/Entry.umap" 276
